Performing C++ SOURCE FILE Test COMPILER_SUPPORT_Wshorten64to32 failed with the following output:
Change Dir: /home/ilab/SSDS_PR17-master/SSDS/eigen3/build_dir/CMakeFiles/CMakeTmp

Run Build Command:/usr/bin/make "cmTryCompileExec1489719673/fast"
/usr/bin/make -f CMakeFiles/cmTryCompileExec1489719673.dir/build.make CMakeFiles/cmTryCompileExec1489719673.dir/build
make[1]: Entering directory `/home/ilab/SSDS_PR17-master/SSDS/eigen3/build_dir/CMakeFiles/CMakeTmp'
/usr/bin/cmake -E cmake_progress_report /home/ilab/SSDS_PR17-master/SSDS/eigen3/build_dir/CMakeFiles/CMakeTmp/CMakeFiles 1
Building CXX object CMakeFiles/cmTryCompileExec1489719673.dir/src.cxx.o
/usr/bin/c++    -pedantic -Wall -Wextra -Wundef -Wcast-align -Wchar-subscripts -Wnon-virtual-dtor -Wunused-local-typedefs -Wpointer-arith -Wwrite-strings -Wformat-security -DCOMPILER_SUPPORT_Wshorten64to32 -Werror   -Wshorten-64-to-32 -o CMakeFiles/cmTryCompileExec1489719673.dir/src.cxx.o -c /home/ilab/SSDS_PR17-master/SSDS/eigen3/build_dir/CMakeFiles/CMakeTmp/src.cxx
c++: error: unrecognized command line option '-Wshorten-64-to-32'
make[1]: *** [CMakeFiles/cmTryCompileExec1489719673.dir/src.cxx.o] Error 1
make[1]: Leaving directory `/home/ilab/SSDS_PR17-master/SSDS/eigen3/build_dir/CMakeFiles/CMakeTmp'
make: *** [cmTryCompileExec1489719673/fast] Error 2

Source file was:
int main() { return 0;}
Performing C++ SOURCE FILE Test COMPILER_SUPPORT_Wenumconversion failed with the following output:
Change Dir: /home/ilab/SSDS_PR17-master/SSDS/eigen3/build_dir/CMakeFiles/CMakeTmp

Run Build Command:/usr/bin/make "cmTryCompileExec196873443/fast"
/usr/bin/make -f CMakeFiles/cmTryCompileExec196873443.dir/build.make CMakeFiles/cmTryCompileExec196873443.dir/build
make[1]: Entering directory `/home/ilab/SSDS_PR17-master/SSDS/eigen3/build_dir/CMakeFiles/CMakeTmp'
/usr/bin/cmake -E cmake_progress_report /home/ilab/SSDS_PR17-master/SSDS/eigen3/build_dir/CMakeFiles/CMakeTmp/CMakeFiles 1
Building CXX object CMakeFiles/cmTryCompileExec196873443.dir/src.cxx.o
/usr/bin/c++    -pedantic -Wall -Wextra -Wundef -Wcast-align -Wchar-subscripts -Wnon-virtual-dtor -Wunused-local-typedefs -Wpointer-arith -Wwrite-strings -Wformat-security -Wlogical-op -DCOMPILER_SUPPORT_Wenumconversion -Werror   -Wenum-conversion -o CMakeFiles/cmTryCompileExec196873443.dir/src.cxx.o -c /home/ilab/SSDS_PR17-master/SSDS/eigen3/build_dir/CMakeFiles/CMakeTmp/src.cxx
c++: error: unrecognized command line option '-Wenum-conversion'
make[1]: *** [CMakeFiles/cmTryCompileExec196873443.dir/src.cxx.o] Error 1
make[1]: Leaving directory `/home/ilab/SSDS_PR17-master/SSDS/eigen3/build_dir/CMakeFiles/CMakeTmp'
make: *** [cmTryCompileExec196873443/fast] Error 2

Source file was:
int main() { return 0;}
Performing C++ SOURCE FILE Test COMPILER_SUPPORT_Wcpp11extensions failed with the following output:
Change Dir: /home/ilab/SSDS_PR17-master/SSDS/eigen3/build_dir/CMakeFiles/CMakeTmp

Run Build Command:/usr/bin/make "cmTryCompileExec60637480/fast"
/usr/bin/make -f CMakeFiles/cmTryCompileExec60637480.dir/build.make CMakeFiles/cmTryCompileExec60637480.dir/build
make[1]: Entering directory `/home/ilab/SSDS_PR17-master/SSDS/eigen3/build_dir/CMakeFiles/CMakeTmp'
/usr/bin/cmake -E cmake_progress_report /home/ilab/SSDS_PR17-master/SSDS/eigen3/build_dir/CMakeFiles/CMakeTmp/CMakeFiles 1
Building CXX object CMakeFiles/cmTryCompileExec60637480.dir/src.cxx.o
/usr/bin/c++    -pedantic -Wall -Wextra -Wundef -Wcast-align -Wchar-subscripts -Wnon-virtual-dtor -Wunused-local-typedefs -Wpointer-arith -Wwrite-strings -Wformat-security -Wlogical-op -DCOMPILER_SUPPORT_Wcpp11extensions -Werror   -Wc++11-extensions -o CMakeFiles/cmTryCompileExec60637480.dir/src.cxx.o -c /home/ilab/SSDS_PR17-master/SSDS/eigen3/build_dir/CMakeFiles/CMakeTmp/src.cxx
c++: error: unrecognized command line option '-Wc++11-extensions'
make[1]: *** [CMakeFiles/cmTryCompileExec60637480.dir/src.cxx.o] Error 1
make[1]: Leaving directory `/home/ilab/SSDS_PR17-master/SSDS/eigen3/build_dir/CMakeFiles/CMakeTmp'
make: *** [cmTryCompileExec60637480/fast] Error 2

Source file was:
int main() { return 0;}
Performing C++ SOURCE FILE Test COMPILER_SUPPORT_wd981 failed with the following output:
Change Dir: /home/ilab/SSDS_PR17-master/SSDS/eigen3/build_dir/CMakeFiles/CMakeTmp

Run Build Command:/usr/bin/make "cmTryCompileExec282002897/fast"
/usr/bin/make -f CMakeFiles/cmTryCompileExec282002897.dir/build.make CMakeFiles/cmTryCompileExec282002897.dir/build
make[1]: Entering directory `/home/ilab/SSDS_PR17-master/SSDS/eigen3/build_dir/CMakeFiles/CMakeTmp'
/usr/bin/cmake -E cmake_progress_report /home/ilab/SSDS_PR17-master/SSDS/eigen3/build_dir/CMakeFiles/CMakeTmp/CMakeFiles 1
Building CXX object CMakeFiles/cmTryCompileExec282002897.dir/src.cxx.o
/usr/bin/c++    -pedantic -Wall -Wextra -Wundef -Wcast-align -Wchar-subscripts -Wnon-virtual-dtor -Wunused-local-typedefs -Wpointer-arith -Wwrite-strings -Wformat-security -Wlogical-op -Wdouble-promotion -Wno-psabi -Wno-variadic-macros -Wno-long-long -fno-check-new -fno-common -fstrict-aliasing -DCOMPILER_SUPPORT_wd981 -Werror   -wd981 -o CMakeFiles/cmTryCompileExec282002897.dir/src.cxx.o -c /home/ilab/SSDS_PR17-master/SSDS/eigen3/build_dir/CMakeFiles/CMakeTmp/src.cxx
c++: error: unrecognized command line option '-wd981'
make[1]: *** [CMakeFiles/cmTryCompileExec282002897.dir/src.cxx.o] Error 1
make[1]: Leaving directory `/home/ilab/SSDS_PR17-master/SSDS/eigen3/build_dir/CMakeFiles/CMakeTmp'
make: *** [cmTryCompileExec282002897/fast] Error 2

Source file was:
int main() { return 0;}
Performing C++ SOURCE FILE Test COMPILER_SUPPORT_wd2304 failed with the following output:
Change Dir: /home/ilab/SSDS_PR17-master/SSDS/eigen3/build_dir/CMakeFiles/CMakeTmp

Run Build Command:/usr/bin/make "cmTryCompileExec2073722673/fast"
/usr/bin/make -f CMakeFiles/cmTryCompileExec2073722673.dir/build.make CMakeFiles/cmTryCompileExec2073722673.dir/build
make[1]: Entering directory `/home/ilab/SSDS_PR17-master/SSDS/eigen3/build_dir/CMakeFiles/CMakeTmp'
/usr/bin/cmake -E cmake_progress_report /home/ilab/SSDS_PR17-master/SSDS/eigen3/build_dir/CMakeFiles/CMakeTmp/CMakeFiles 1
Building CXX object CMakeFiles/cmTryCompileExec2073722673.dir/src.cxx.o
/usr/bin/c++    -pedantic -Wall -Wextra -Wundef -Wcast-align -Wchar-subscripts -Wnon-virtual-dtor -Wunused-local-typedefs -Wpointer-arith -Wwrite-strings -Wformat-security -Wlogical-op -Wdouble-promotion -Wno-psabi -Wno-variadic-macros -Wno-long-long -fno-check-new -fno-common -fstrict-aliasing -DCOMPILER_SUPPORT_wd2304 -Werror   -wd2304 -o CMakeFiles/cmTryCompileExec2073722673.dir/src.cxx.o -c /home/ilab/SSDS_PR17-master/SSDS/eigen3/build_dir/CMakeFiles/CMakeTmp/src.cxx
c++: error: unrecognized command line option '-wd2304'
make[1]: *** [CMakeFiles/cmTryCompileExec2073722673.dir/src.cxx.o] Error 1
make[1]: Leaving directory `/home/ilab/SSDS_PR17-master/SSDS/eigen3/build_dir/CMakeFiles/CMakeTmp'
make: *** [cmTryCompileExec2073722673/fast] Error 2

Source file was:
int main() { return 0;}
Performing C++ SOURCE FILE Test COMPILER_SUPPORT_STRICTANSI failed with the following output:
Change Dir: /home/ilab/SSDS_PR17-master/SSDS/eigen3/build_dir/CMakeFiles/CMakeTmp

Run Build Command:/usr/bin/make "cmTryCompileExec755777129/fast"
/usr/bin/make -f CMakeFiles/cmTryCompileExec755777129.dir/build.make CMakeFiles/cmTryCompileExec755777129.dir/build
make[1]: Entering directory `/home/ilab/SSDS_PR17-master/SSDS/eigen3/build_dir/CMakeFiles/CMakeTmp'
/usr/bin/cmake -E cmake_progress_report /home/ilab/SSDS_PR17-master/SSDS/eigen3/build_dir/CMakeFiles/CMakeTmp/CMakeFiles 1
Building CXX object CMakeFiles/cmTryCompileExec755777129.dir/src.cxx.o
/usr/bin/c++    -pedantic -Wall -Wextra -Wundef -Wcast-align -Wchar-subscripts -Wnon-virtual-dtor -Wunused-local-typedefs -Wpointer-arith -Wwrite-strings -Wformat-security -Wlogical-op -Wdouble-promotion -Wno-psabi -Wno-variadic-macros -Wno-long-long -fno-check-new -fno-common -fstrict-aliasing -DCOMPILER_SUPPORT_STRICTANSI -Werror   -strict-ansi -o CMakeFiles/cmTryCompileExec755777129.dir/src.cxx.o -c /home/ilab/SSDS_PR17-master/SSDS/eigen3/build_dir/CMakeFiles/CMakeTmp/src.cxx
c++: error: unrecognized command line option '-strict-ansi'
make[1]: *** [CMakeFiles/cmTryCompileExec755777129.dir/src.cxx.o] Error 1
make[1]: Leaving directory `/home/ilab/SSDS_PR17-master/SSDS/eigen3/build_dir/CMakeFiles/CMakeTmp'
make: *** [cmTryCompileExec755777129/fast] Error 2

Source file was:
int main() { return 0;}
Performing C++ SOURCE FILE Test COMPILER_SUPPORT_Qunusedarguments failed with the following output:
Change Dir: /home/ilab/SSDS_PR17-master/SSDS/eigen3/build_dir/CMakeFiles/CMakeTmp

Run Build Command:/usr/bin/make "cmTryCompileExec695004756/fast"
/usr/bin/make -f CMakeFiles/cmTryCompileExec695004756.dir/build.make CMakeFiles/cmTryCompileExec695004756.dir/build
make[1]: Entering directory `/home/ilab/SSDS_PR17-master/SSDS/eigen3/build_dir/CMakeFiles/CMakeTmp'
/usr/bin/cmake -E cmake_progress_report /home/ilab/SSDS_PR17-master/SSDS/eigen3/build_dir/CMakeFiles/CMakeTmp/CMakeFiles 1
Building CXX object CMakeFiles/cmTryCompileExec695004756.dir/src.cxx.o
/usr/bin/c++    -pedantic -Wall -Wextra -Wundef -Wcast-align -Wchar-subscripts -Wnon-virtual-dtor -Wunused-local-typedefs -Wpointer-arith -Wwrite-strings -Wformat-security -Wlogical-op -Wdouble-promotion -Wno-psabi -Wno-variadic-macros -Wno-long-long -fno-check-new -fno-common -fstrict-aliasing -DCOMPILER_SUPPORT_Qunusedarguments -Werror   -Qunused-arguments -o CMakeFiles/cmTryCompileExec695004756.dir/src.cxx.o -c /home/ilab/SSDS_PR17-master/SSDS/eigen3/build_dir/CMakeFiles/CMakeTmp/src.cxx
c++: error: unrecognized command line option '-Qunused-arguments'
make[1]: *** [CMakeFiles/cmTryCompileExec695004756.dir/src.cxx.o] Error 1
make[1]: Leaving directory `/home/ilab/SSDS_PR17-master/SSDS/eigen3/build_dir/CMakeFiles/CMakeTmp'
make: *** [cmTryCompileExec695004756/fast] Error 2

Source file was:
int main() { return 0;}
Compiling the Fortran compiler identification source file "CMakeFortranCompilerId.F" failed.
Compiler: CMAKE_Fortran_COMPILER-NOTFOUND 
Build flags: 
Id flags: 

The output was:
No such file or directory


Compiling the Fortran compiler identification source file "CMakeFortranCompilerId.F" failed.
Compiler: CMAKE_Fortran_COMPILER-NOTFOUND 
Build flags: 
Id flags: -c

The output was:
No such file or directory


Compiling the Fortran compiler identification source file "CMakeFortranCompilerId.F" failed.
Compiler: CMAKE_Fortran_COMPILER-NOTFOUND 
Build flags: 
Id flags: -fpp

The output was:
No such file or directory


Checking whether the Fortran compiler is Compaq using "-what" did not match "Compaq Visual Fortran":
Checking whether the Fortran compiler is NAG using "-V" did not match "NAG Fortran Compiler":
Determining if the pthread_create exist failed with the following output:
Change Dir: /home/ilab/SSDS_PR17-master/SSDS/eigen3/build_dir/CMakeFiles/CMakeTmp

Run Build Command:/usr/bin/make "cmTryCompileExec196289899/fast"
/usr/bin/make -f CMakeFiles/cmTryCompileExec196289899.dir/build.make CMakeFiles/cmTryCompileExec196289899.dir/build
make[1]: Entering directory `/home/ilab/SSDS_PR17-master/SSDS/eigen3/build_dir/CMakeFiles/CMakeTmp'
/usr/bin/cmake -E cmake_progress_report /home/ilab/SSDS_PR17-master/SSDS/eigen3/build_dir/CMakeFiles/CMakeTmp/CMakeFiles 1
Building C object CMakeFiles/cmTryCompileExec196289899.dir/CheckSymbolExists.c.o
/usr/bin/cc    -o CMakeFiles/cmTryCompileExec196289899.dir/CheckSymbolExists.c.o   -c /home/ilab/SSDS_PR17-master/SSDS/eigen3/build_dir/CMakeFiles/CMakeTmp/CheckSymbolExists.c
Linking C executable cmTryCompileExec196289899
/usr/bin/cmake -E cmake_link_script CMakeFiles/cmTryCompileExec196289899.dir/link.txt --verbose=1
/usr/bin/cc       CMakeFiles/cmTryCompileExec196289899.dir/CheckSymbolExists.c.o  -o cmTryCompileExec196289899 -rdynamic 
CMakeFiles/cmTryCompileExec196289899.dir/CheckSymbolExists.c.o: In function `main':
CheckSymbolExists.c:(.text+0x16): undefined reference to `pthread_create'
collect2: error: ld returned 1 exit status
make[1]: Leaving directory `/home/ilab/SSDS_PR17-master/SSDS/eigen3/build_dir/CMakeFiles/CMakeTmp'
make[1]: *** [cmTryCompileExec196289899] Error 1
make: *** [cmTryCompileExec196289899/fast] Error 2

File /home/ilab/SSDS_PR17-master/SSDS/eigen3/build_dir/CMakeFiles/CMakeTmp/CheckSymbolExists.c:
/* */
#include <pthread.h>

int main(int argc, char** argv)
{
  (void)argv;
#ifndef pthread_create
  return ((int*)(&pthread_create))[argc];
#else
  (void)argc;
  return 0;
#endif
}

Determining if the function pthread_create exists in the pthreads failed with the following output:
Change Dir: /home/ilab/SSDS_PR17-master/SSDS/eigen3/build_dir/CMakeFiles/CMakeTmp

Run Build Command:/usr/bin/make "cmTryCompileExec1514993800/fast"
/usr/bin/make -f CMakeFiles/cmTryCompileExec1514993800.dir/build.make CMakeFiles/cmTryCompileExec1514993800.dir/build
make[1]: Entering directory `/home/ilab/SSDS_PR17-master/SSDS/eigen3/build_dir/CMakeFiles/CMakeTmp'
/usr/bin/cmake -E cmake_progress_report /home/ilab/SSDS_PR17-master/SSDS/eigen3/build_dir/CMakeFiles/CMakeTmp/CMakeFiles 1
Building C object CMakeFiles/cmTryCompileExec1514993800.dir/CheckFunctionExists.c.o
/usr/bin/cc   -DCHECK_FUNCTION_EXISTS=pthread_create   -o CMakeFiles/cmTryCompileExec1514993800.dir/CheckFunctionExists.c.o   -c /usr/share/cmake-2.8/Modules/CheckFunctionExists.c
Linking C executable cmTryCompileExec1514993800
/usr/bin/cmake -E cmake_link_script CMakeFiles/cmTryCompileExec1514993800.dir/link.txt --verbose=1
/usr/bin/cc   -DCHECK_FUNCTION_EXISTS=pthread_create    CMakeFiles/cmTryCompileExec1514993800.dir/CheckFunctionExists.c.o  -o cmTryCompileExec1514993800 -rdynamic -lpthreads 
/usr/bin/ld: cannot find -lpthreads
collect2: error: ld returned 1 exit status
make[1]: *** [cmTryCompileExec1514993800] Error 1
make[1]: Leaving directory `/home/ilab/SSDS_PR17-master/SSDS/eigen3/build_dir/CMakeFiles/CMakeTmp'
make: *** [cmTryCompileExec1514993800/fast] Error 2


